Socket successfully created..
Socket successfully binded..
Server listening..
server accept the client...
Current CC: cubic
Read file  #0
clock=1903
time is 0.000688 1903 2591 CLOCKS_PER_SEC=1000000
Time measured: 0.212 seconds.
Read file  #1
clock=2629
time is 0.001529 2629 4158 CLOCKS_PER_SEC=1000000
Time measured: 0.016 seconds.
Read file  #2
clock=4177
time is 0.000485 4177 4662 CLOCKS_PER_SEC=1000000
Time measured: 0.000 seconds.
Read file  #3
clock=4672
time is 0.001173 4672 5845 CLOCKS_PER_SEC=1000000
Time measured: 0.004 seconds.
Read file  #4
clock=5862
time is 0.000641 5862 6503 CLOCKS_PER_SEC=1000000
Time measured: 0.001 seconds.
New: reno
Read file  #0
clock=6523
time is 0.000632 6523 7155 CLOCKS_PER_SEC=1000000
Time measured: 0.221 seconds.
Read file  #1
clock=7176
time is 0.000361 7176 7537 CLOCKS_PER_SEC=1000000
Time measured: 0.000 seconds.
Read file  #2
clock=7543
time is 0.001421 7543 8964 CLOCKS_PER_SEC=1000000
Time measured: 0.022 seconds.
Read file  #3
clock=8985
time is 0.000459 8985 9444 CLOCKS_PER_SEC=1000000
Time measured: 0.000 seconds.
Read file  #4
clock=9454
time is 0.000414 9454 9868 CLOCKS_PER_SEC=1000000
Time measured: 0.040 seconds.
