Socket successfully created..
Current CC: cubic
connected to the server..
File size is 1048576 bytes
sending file size=1048576 8
sending file #1
sending file size=1048576 8
sending file #2
sending file size=1048576 8
sending file #3
sending file size=1048576 8
sending file #4
sending file size=1048576 8
sending file #5
New: reno
File size is 1048576 bytes
sending file size=1048576 8
sending file #1
sending file size=1048576 8
sending file #2
sending file size=1048576 8
sending file #3
sending file size=1048576 8
sending file #4
sending file size=1048576 8
sending file #5
